build/intermediates/proguard-rules/release/aapt_rules.txt
# Referenced at res/layout/abc_alert_dialog_material.xml:0
-keep class android.support.v4.widget.NestedScrollView { <init>(...); }

# Referenced at res/layout/abc_alert_dialog_button_bar_material.xml:0
# Referenced at res/layout/abc_alert_dialog_material.xml:0
# Referenced at res/layout/abc_alert_dialog_title_material.xml:0
-keep class android.support.v4.widget.Space { <init>(...); }

# Referenced at res/layout/abc_select_dialog_material.xml:0
-keep class android.support.v7.app.AlertController$RecycleListView { <init>(...); }

# Referenced at res/layout/abc_action_menu_item_layout.xml:0
-keep class android.support.v7.view.menu.ActionMenuItemView { <init>(...); }

# Referenced at res/layout/abc_expanded_menu_layout.xml:0
-keep class android.support.v7.view.menu.ExpandedMenuView { <init>(...); }

# Referenced at res/layout/abc_list_menu_item_layout.xml:0
# Referenced at res/layout/abc_popup_menu_item_layout.xml:0
-keep class android.support.v7.view.menu.ListMenuItemView { <init>(...); }

# Referenced at res/layout-v26/abc_screen_toolbar.xml:0
# Referenced at res/layout/abc_screen_toolbar.xml:0
-keep class android.support.v7.widget.ActionBarContainer { <init>(...); }

# Referenced at res/layout-v26/abc_screen_toolbar.xml:0
# Referenced at res/layout/abc_action_mode_bar.xml:0
# Referenced at res/layout/abc_screen_toolbar.xml:0
-keep class android.support.v7.widget.ActionBarContextView { <init>(...); }

# Referenced at res/layout-v26/abc_screen_toolbar.xml:0
# Referenced at res/layout/abc_screen_toolbar.xml:0
-keep class android.support.v7.widget.ActionBarOverlayLayout { <init>(...); }

# Referenced at res/layout/abc_action_menu_layout.xml:0
-keep class android.support.v7.widget.ActionMenuView { <init>(...); }

# Referenced at res/layout/abc_activity_chooser_view.xml:0
-keep class android.support.v7.widget.ActivityChooserView$InnerLayout { <init>(...); }

# Referenced at res/layout/abc_alert_dialog_material.xml:0
-keep class android.support.v7.widget.AlertDialogLayout { <init>(...); }

# Referenced at res/layout/abc_alert_dialog_button_bar_material.xml:0
-keep class android.support.v7.widget.ButtonBarLayout { <init>(...); }

# Referenced at res/layout/abc_screen_content_include.xml:0
-keep class android.support.v7.widget.ContentFrameLayout { <init>(...); }

# Referenced at res/layout/abc_alert_dialog_title_material.xml:0
-keep class android.support.v7.widget.DialogTitle { <init>(...); }

# Referenced at res/layout/abc_screen_simple_overlay_action_mode.xml:0
-keep class android.support.v7.widget.FitWindowsFrameLayout { <init>(...); }

# Referenced at res/layout/abc_dialog_title_material.xml:0
# Referenced at res/layout/abc_screen_simple.xml:0
-keep class android.support.v7.widget.FitWindowsLinearLayout { <init>(...); }

# Referenced at res/layout/abc_search_view.xml:0
-keep class android.support.v7.widget.SearchView$SearchAutoComplete { <init>(...); }

# Referenced at res/layout-v26/abc_screen_toolbar.xml:0
# Referenced at res/layout/abc_screen_toolbar.xml:0
-keep class android.support.v7.widget.Toolbar { <init>(...); }

# Referenced at res/layout/abc_screen_simple.xml:0
# Referenced at res/layout/abc_screen_simple_overlay_action_mode.xml:0
-keep class android.support.v7.widget.ViewStubCompat { <init>(...); }

# Referenced at full/release/AndroidManifest.xml:170
-keep class com.crashlytics.android.CrashlyticsInitProvider { <init>(...); }

# Referenced at full/release/AndroidManifest.xml:93
-keep class com.firebase.jobdispatcher.GooglePlayReceiver { <init>(...); }

# Referenced at full/release/AndroidManifest.xml:118
-keep class com.google.android.gms.measurement.AppMeasurementInstallReferrerReceiver { <init>(...); }

# Referenced at full/release/AndroidManifest.xml:132
-keep class com.google.android.gms.measurement.AppMeasurementJobService { <init>(...); }

# Referenced at full/release/AndroidManifest.xml:113
-keep class com.google.android.gms.measurement.AppMeasurementReceiver { <init>(...); }

# Referenced at full/release/AndroidManifest.xml:128
-keep class com.google.android.gms.measurement.AppMeasurementService { <init>(...); }

# Referenced at full/release/AndroidManifest.xml:138
-keep class com.google.firebase.iid.FirebaseInstanceIdReceiver { <init>(...); }

# Referenced at full/release/AndroidManifest.xml:152
-keep class com.google.firebase.iid.FirebaseInstanceIdService { <init>(...); }

# Referenced at full/release/AndroidManifest.xml:105
-keep class com.google.firebase.messaging.FirebaseMessagingService { <init>(...); }

# Referenced at full/release/AndroidManifest.xml:160
-keep class com.google.firebase.provider.FirebaseInitProvider { <init>(...); }

# Referenced at full/release/AndroidManifest.xml:54
-keep class com.google.firebase.quickstart.fcm.MainActivity { <init>(...); }

# Referenced at full/release/AndroidManifest.xml:72
-keep class com.google.firebase.quickstart.fcm.MyFirebaseInstanceIDService { <init>(...); }

# Referenced at full/release/AndroidManifest.xml:65
-keep class com.google.firebase.quickstart.fcm.MyFirebaseMessagingService { <init>(...); }

# Referenced at full/release/AndroidManifest.xml:78
-keep class com.google.firebase.quickstart.fcm.MyJobService { <init>(...); }