build/outputs/mapping/release/seeds.txt
com.google.firebase.quickstart.fcm.MainActivity
com.google.firebase.quickstart.fcm.MainActivity: MainActivity()
com.google.firebase.quickstart.fcm.MyFirebaseInstanceIDService
com.google.firebase.quickstart.fcm.MyFirebaseInstanceIDService: MyFirebaseInstanceIDService()
com.google.firebase.quickstart.fcm.MyFirebaseMessagingService
com.google.firebase.quickstart.fcm.MyFirebaseMessagingService: MyFirebaseMessagingService()
com.google.firebase.quickstart.fcm.MyJobService
com.google.firebase.quickstart.fcm.MyJobService: MyJobService()
com.google.firebase.quickstart.fcm.R$anim: int abc_fade_in
com.google.firebase.quickstart.fcm.R$anim: int abc_fade_out
com.google.firebase.quickstart.fcm.R$anim: int abc_grow_fade_in_from_bottom
com.google.firebase.quickstart.fcm.R$anim: int abc_popup_enter
com.google.firebase.quickstart.fcm.R$anim: int abc_popup_exit
com.google.firebase.quickstart.fcm.R$anim: int abc_shrink_fade_out_from_bottom
com.google.firebase.quickstart.fcm.R$anim: int abc_slide_in_bottom
com.google.firebase.quickstart.fcm.R$anim: int abc_slide_in_top
com.google.firebase.quickstart.fcm.R$anim: int abc_slide_out_bottom
com.google.firebase.quickstart.fcm.R$anim: int abc_slide_out_top
com.google.firebase.quickstart.fcm.R$anim: int tooltip_enter
com.google.firebase.quickstart.fcm.R$anim: int tooltip_exit
com.google.firebase.quickstart.fcm.R$attr: int actionBarDivider
com.google.firebase.quickstart.fcm.R$attr: int actionBarItemBackground
com.google.firebase.quickstart.fcm.R$attr: int actionBarPopupTheme
com.google.firebase.quickstart.fcm.R$attr: int actionBarSize
com.google.firebase.quickstart.fcm.R$attr: int actionBarSplitStyle
com.google.firebase.quickstart.fcm.R$attr: int actionBarStyle
com.google.firebase.quickstart.fcm.R$attr: int actionBarTabBarStyle
com.google.firebase.quickstart.fcm.R$attr: int actionBarTabStyle
com.google.firebase.quickstart.fcm.R$attr: int actionBarTabTextStyle
com.google.firebase.quickstart.fcm.R$attr: int actionBarTheme
com.google.firebase.quickstart.fcm.R$attr: int actionBarWidgetTheme
com.google.firebase.quickstart.fcm.R$attr: int actionButtonStyle
com.google.firebase.quickstart.fcm.R$attr: int actionDropDownStyle
com.google.firebase.quickstart.fcm.R$attr: int actionLayout
com.google.firebase.quickstart.fcm.R$attr: int actionMenuTextAppearance
com.google.firebase.quickstart.fcm.R$attr: int actionMenuTextColor
com.google.firebase.quickstart.fcm.R$attr: int actionModeBackground
com.google.firebase.quickstart.fcm.R$attr: int actionModeCloseButtonStyle
com.google.firebase.quickstart.fcm.R$attr: int actionModeCloseDrawable
com.google.firebase.quickstart.fcm.R$attr: int actionModeCopyDrawable
com.google.firebase.quickstart.fcm.R$attr: int actionModeCutDrawable
com.google.firebase.quickstart.fcm.R$attr: int actionModeFindDrawable
com.google.firebase.quickstart.fcm.R$bool: int abc_action_bar_embed_tabs
com.google.firebase.quickstart.fcm.R$bool: int abc_allow_stacked_button_bar
com.google.firebase.quickstart.fcm.R$bool: int abc_config_actionMenuItemAllCaps
com.google.firebase.quickstart.fcm.R$bool: int abc_config_closeDialogWhenTouchOutside
com.google.firebase.quickstart.fcm.R$bool: int abc_config_showMenuShortcutsWhenKeyboardPresent
...
android.support.v7.widget.FitWindowsLinearLayout
android.support.v7.widget.FitWindowsLinearLayout: FitWindowsLinearLayout(android.content.Context)
android.support.v7.widget.FitWindowsLinearLayout: FitWindowsLinearLayout(android.content.Context,android.util.AttributeSet)
android.support.v7.widget.FitWindowsLinearLayout: void setOnFitSystemWindowsListener(android.support.v7.widget.FitWindowsViewGroup$OnFitSystemWindowsListener)
android.support.v7.widget.LinearLayoutCompat: LinearLayoutCompat(android.content.Context)
android.support.v7.widget.LinearLayoutCompat: LinearLayoutCompat(android.content.Context,android.util.AttributeSet)
android.support.v7.widget.LinearLayoutCompat: LinearLayoutCompat(android.content.Context,android.util.AttributeSet,int)
android.support.v7.widget.LinearLayoutCompat: void setShowDividers(int)
android.support.v7.widget.LinearLayoutCompat: int getShowDividers()
android.support.v7.widget.LinearLayoutCompat: android.graphics.drawable.Drawable getDividerDrawable()
android.support.v7.widget.LinearLayoutCompat: void setDividerDrawable(android.graphics.drawable.Drawable)
android.support.v7.widget.LinearLayoutCompat: void setDividerPadding(int)
android.support.v7.widget.LinearLayoutCompat: int getDividerPadding()
android.support.v7.widget.LinearLayoutCompat: int getDividerWidth()
android.support.v7.widget.LinearLayoutCompat: void setBaselineAligned(boolean)
android.support.v7.widget.LinearLayoutCompat: void setMeasureWithLargestChildEnabled(boolean)
android.support.v7.widget.LinearLayoutCompat: int getBaseline()
android.support.v7.widget.LinearLayoutCompat: int getBaselineAlignedChildIndex()
android.support.v7.widget.LinearLayoutCompat: void setBaselineAlignedChildIndex(int)
android.support.v7.widget.LinearLayoutCompat: int getVirtualChildCount()
android.support.v7.widget.LinearLayoutCompat: float getWeightSum()
android.support.v7.widget.LinearLayoutCompat: void setWeightSum(float)
android.support.v7.widget.ListViewCompat: void setSelector(android.graphics.drawable.Drawable)
android.support.v7.widget.ListViewCompat: void setSelectorEnabled(boolean)
android.support.v7.widget.MenuPopupWindow$MenuDropDownListView: void setHoverListener(android.support.v7.widget.MenuItemHoverListener)
android.support.v7.widget.ScrollingTabContainerView: void setAllowCollapse(boolean)
android.support.v7.widget.ScrollingTabContainerView: void setTabSelected(int)
android.support.v7.widget.ScrollingTabContainerView: void setContentHeight(int)
android.support.v7.widget.SearchView: int getSuggestionRowLayout()
android.support.v7.widget.SearchView: int getSuggestionCommitIconResId()
android.support.v7.widget.SearchView: void setSearchableInfo(android.app.SearchableInfo)
android.support.v7.widget.SearchView: void setAppSearchData(android.os.Bundle)
android.support.v7.widget.SearchView: void setImeOptions(int)
android.support.v7.widget.SearchView: int getImeOptions()
android.support.v7.widget.SearchView: void setInputType(int)
android.support.v7.widget.SearchView: int getInputType()
android.support.v7.widget.SearchView: void setOnQueryTextListener(android.support.v7.widget.SearchView$OnQueryTextListener)
android.support.v7.widget.SearchView: void setOnCloseListener(android.support.v7.widget.SearchView$OnCloseListener)
android.support.v7.widget.SearchView: void setOnQueryTextFocusChangeListener(android.view.View$OnFocusChangeListener)
android.support.v7.widget.SearchView: void setOnSuggestionListener(android.support.v7.widget.SearchView$OnSuggestionListener)
android.support.v7.widget.SearchView: void setOnSearchClickListener(android.view.View$OnClickListener)
android.support.v7.widget.SearchView: java.lang.CharSequence getQuery()
android.support.v7.widget.SearchView: void setQueryHint(java.lang.CharSequence)
android.support.v7.widget.SearchView: java.lang.CharSequence getQueryHint()
android.support.v7.widget.SearchView: void setIconifiedByDefault(boolean)
android.support.v7.widget.SearchView: void setIconified(boolean)