build/outputs/mapping/release/mapping.txt
com.google.firebase.quickstart.fcm.MainActivity -> com.google.firebase.quickstart.fcm.MainActivity:
    com.google.firebase.analytics.FirebaseAnalytics mFirebaseAnalytics -> l
    void <init>() -> <init>
    void onCreate(android.os.Bundle) -> onCreate
com.google.firebase.quickstart.fcm.MainActivity$1 -> com.google.firebase.quickstart.fcm.MainActivity$1:
    com.google.firebase.quickstart.fcm.MainActivity this$0 -> a
    void <init>(com.google.firebase.quickstart.fcm.MainActivity) -> <init>
    void onClick(android.view.View) -> onClick
com.google.firebase.quickstart.fcm.MainActivity$2 -> com.google.firebase.quickstart.fcm.MainActivity$2:
    com.google.firebase.quickstart.fcm.MainActivity this$0 -> a
    void <init>(com.google.firebase.quickstart.fcm.MainActivity) -> <init>
    void onClick(android.view.View) -> onClick
com.google.firebase.quickstart.fcm.MainActivity$3 -> com.google.firebase.quickstart.fcm.MainActivity$3:
    com.google.firebase.quickstart.fcm.MainActivity this$0 -> a
    void <init>(com.google.firebase.quickstart.fcm.MainActivity) -> <init>
    void onClick(android.view.View) -> onClick
com.google.firebase.quickstart.fcm.MyFirebaseInstanceIDService -> com.google.firebase.quickstart.fcm.MyFirebaseInstanceIDService:
    void <init>() -> <init>
    void onTokenRefresh() -> a
    void sendRegistrationToServer(java.lang.String) -> a
com.google.firebase.quickstart.fcm.MyFirebaseMessagingService -> com.google.firebase.quickstart.fcm.MyFirebaseMessagingService:
    void <init>() -> <init>
    void onMessageReceived(com.google.firebase.messaging.RemoteMessage) -> a
    void scheduleJob() -> b
    void sendNotification(java.lang.String) -> b
com.google.firebase.quickstart.fcm.MyJobService -> com.google.firebase.quickstart.fcm.MyJobService:
    void <init>() -> <init>
    boolean onStartJob(com.firebase.jobdispatcher.JobParameters) -> a
    boolean onStopJob(com.firebase.jobdispatcher.JobParameters) -> b
...
com.crashlytics.android.core.CrashlyticsController$5 -> com.crashlytics.android.c.i$19:
    void <init>() -> <init>
    int compare(java.io.File,java.io.File) -> a
    int compare(java.lang.Object,java.lang.Object) -> compare
com.crashlytics.android.core.CrashlyticsController$6 -> com.crashlytics.android.c.i$20:
    com.crashlytics.android.core.CrashlyticsController this$0 -> a
    void <init>(com.crashlytics.android.core.CrashlyticsController) -> <init>
    void onUncaughtException(java.lang.Thread,java.lang.Throwable) -> a
com.crashlytics.android.core.CrashlyticsController$7 -> com.crashlytics.android.c.i$21:
    java.util.Date val$time -> a
    java.lang.Thread val$thread -> b
    java.lang.Throwable val$ex -> c
    com.crashlytics.android.core.CrashlyticsController this$0 -> d
    void <init>(com.crashlytics.android.core.CrashlyticsController,java.util.Date,java.lang.Thread,java.lang.Throwable) -> <init>
    java.lang.Void call() -> a
    java.lang.Object call() -> call
com.crashlytics.android.core.CrashlyticsController$8 -> com.crashlytics.android.c.i$22:
    long val$timestamp -> a
    java.lang.String val$msg -> b
    com.crashlytics.android.core.CrashlyticsController this$0 -> c
    void <init>(com.crashlytics.android.core.CrashlyticsController,long,java.lang.String) -> <init>
    java.lang.Void call() -> a
    java.lang.Object call() -> call
com.crashlytics.android.core.CrashlyticsController$9 -> com.crashlytics.android.c.i$23:
    java.util.Date val$now -> a
    java.lang.Thread val$thread -> b
    java.lang.Throwable val$ex -> c
    com.crashlytics.android.core.CrashlyticsController this$0 -> d
    void <init>(com.crashlytics.android.core.CrashlyticsController,java.util.Date,java.lang.Thread,java.lang.Throwable) -> <init>
    void run() -> run
com.crashlytics.android.core.CrashlyticsController$AnySessionPartFileFilter -> com.crashlytics.android.c.i$a:
    void <init>() -> <init>
    boolean accept(java.io.File,java.lang.String) -> accept
    void <init>(com.crashlytics.android.core.CrashlyticsController$1) -> <init>
com.crashlytics.android.core.CrashlyticsController$CodedOutputStreamWriteAction -> com.crashlytics.android.c.i$b:
    void writeTo(com.crashlytics.android.core.CodedOutputStream) -> a
com.crashlytics.android.core.CrashlyticsController$FileNameContainsFilter -> com.crashlytics.android.c.i$c:
    java.lang.String string -> a
    void <init>(java.lang.String) -> <init>
    boolean accept(java.io.File,java.lang.String) -> accept
com.crashlytics.android.core.CrashlyticsController$FileOutputStreamWriteAction -> com.crashlytics.android.c.i$d:
    void writeTo(java.io.FileOutputStream) -> a
com.crashlytics.android.core.CrashlyticsController$InvalidPartFileFilter -> com.crashlytics.android.c.i$e:
    void <init>() -> <init>
    boolean accept(java.io.File,java.lang.String) -> accept
com.crashlytics.android.core.CrashlyticsController$LogFileDirectoryProvider -> com.crashlytics.android.c.i$f:
    io.fabric.sdk.android.services.persistence.FileStore rootFileStore -> a
    void <init>(io.fabric.sdk.android.services.persistence.FileStore) -> <init>
    java.io.File getLogFileDir() -> a
com.crashlytics.android.core.CrashlyticsController$PrivacyDialogCheck -> com.crashlytics.android.c.i$g:
    io.fabric.sdk.android.Kit kit -> a
    com.crashlytics.android.core.PreferenceManager preferenceManager -> b
    io.fabric.sdk.android.services.settings.PromptSettingsData promptData -> c
    void <init>(io.fabric.sdk.android.Kit,com.crashlytics.android.core.PreferenceManager,io.fabric.sdk.android.services.settings.PromptSettingsData) -> <init>
    boolean canSendReports() -> a
    com.crashlytics.android.core.PreferenceManager access$1700(com.crashlytics.android.core.CrashlyticsController$PrivacyDialogCheck) -> a