build/outputs/mapping/release/usage.txt
com.google.firebase.quickstart.fcm.BuildConfig
com.google.firebase.quickstart.fcm.MainActivity:
    private static final java.lang.String TAG
com.google.firebase.quickstart.fcm.Manifest
com.google.firebase.quickstart.fcm.Manifest$permission
com.google.firebase.quickstart.fcm.MyFirebaseInstanceIDService:
    private static final java.lang.String TAG
com.google.firebase.quickstart.fcm.MyFirebaseMessagingService:
    private static final java.lang.String TAG
    103:104:private void handleNow()
com.google.firebase.quickstart.fcm.MyJobService:
    private static final java.lang.String TAG
com.google.firebase.quickstart.fcm.R
com.google.firebase.quickstart.fcm.R$anim
com.google.firebase.quickstart.fcm.R$attr
com.google.firebase.quickstart.fcm.R$bool
com.google.firebase.quickstart.fcm.R$color
com.google.firebase.quickstart.fcm.R$dimen
com.google.firebase.quickstart.fcm.R$drawable
com.google.firebase.quickstart.fcm.R$id
com.google.firebase.quickstart.fcm.R$integer
com.google.firebase.quickstart.fcm.R$layout
com.google.firebase.quickstart.fcm.R$mipmap
com.google.firebase.quickstart.fcm.R$string
com.google.firebase.quickstart.fcm.R$style
com.google.firebase.quickstart.fcm.R$styleable
...
android.support.v4.media.session.MediaSessionCompatApi24$CallbackProxy
android.support.v4.media.session.ParcelableVolumeInfo:
    34:40:public ParcelableVolumeInfo(int,int,int,int,int)
android.support.v4.media.session.PlaybackStateCompat:
    public static final long ACTION_STOP
    public static final long ACTION_PAUSE
    public static final long ACTION_PLAY
    public static final long ACTION_REWIND
    public static final long ACTION_SKIP_TO_PREVIOUS
    public static final long ACTION_SKIP_TO_NEXT
    public static final long ACTION_FAST_FORWARD
    public static final long ACTION_SET_RATING
    public static final long ACTION_SEEK_TO
    public static final long ACTION_PLAY_PAUSE
    public static final long ACTION_PLAY_FROM_MEDIA_ID
    public static final long ACTION_PLAY_FROM_SEARCH
    public static final long ACTION_SKIP_TO_QUEUE_ITEM
    public static final long ACTION_PLAY_FROM_URI
    public static final long ACTION_PREPARE
    public static final long ACTION_PREPARE_FROM_MEDIA_ID
    public static final long ACTION_PREPARE_FROM_SEARCH
    public static final long ACTION_PREPARE_FROM_URI
    public static final long ACTION_SET_REPEAT_MODE
    public static final long ACTION_SET_SHUFFLE_MODE_ENABLED
    public static final long ACTION_SET_CAPTIONING_ENABLED
    public static final int STATE_NONE
    public static final int STATE_STOPPED
    public static final int STATE_PAUSED
    public static final int STATE_PLAYING
    public static final int STATE_FAST_FORWARDING
    public static final int STATE_REWINDING
    public static final int STATE_BUFFERING
    public static final int STATE_ERROR
    public static final int STATE_CONNECTING
android.support.v4.media.session.PlaybackStateCompat$Actions
android.support.v4.media.session.PlaybackStateCompat$Builder
android.support.v4.media.session.PlaybackStateCompat$CustomAction:
    919:925:public java.lang.Object getCustomAction()
    948:948:public java.lang.String getAction()
    957:957:public java.lang.CharSequence getName()
    968:968:public int getIcon()
    980:980:public android.os.Bundle getExtras()
android.support.v4.media.session.PlaybackStateCompat$CustomAction$Builder
android.support.v4.media.session.PlaybackStateCompat$ErrorCode
android.support.v4.media.session.PlaybackStateCompat$MediaKeyAction
android.support.v4.media.session.PlaybackStateCompat$RepeatMode
android.support.v4.media.session.PlaybackStateCompat$ShuffleMode
android.support.v4.media.session.PlaybackStateCompat$State
android.support.v4.media.session.PlaybackStateCompatApi21:
    26:79:PlaybackStateCompatApi21()
    67:76:public static java.lang.Object newInstance(int,long,long,float,long,java.lang.CharSequence,long,java.util.List,long)
android.support.v4.media.session.PlaybackStateCompatApi21$CustomAction:
    79:79:PlaybackStateCompatApi21$CustomAction()
    97:100:public static java.lang.Object newInstance(java.lang.String,java.lang.CharSequence,int,android.os.Bundle)
android.support.v4.media.session.PlaybackStateCompatApi22:
    26:26:PlaybackStateCompatApi22()
    35:45:public static java.lang.Object newInstance(int,long,long,float,long,java.lang.CharSequence,long,java.util.List,long,android.os.Bundle)
android.support.v4.net.ConnectivityManagerCompat
android.support.v4.net.ConnectivityManagerCompat$ConnectivityManagerCompatApi16Impl
android.support.v4.net.ConnectivityManagerCompat$ConnectivityManagerCompatApi24Impl
android.support.v4.net.ConnectivityManagerCompat$ConnectivityManagerCompatBaseImpl
android.support.v4.net.ConnectivityManagerCompat$ConnectivityManagerCompatImpl
android.support.v4.net.ConnectivityManagerCompat$RestrictBackgroundStatus
android.support.v4.net.DatagramSocketWrapper
android.support.v4.net.DatagramSocketWrapper$DatagramSocketImplWrapper
android.support.v4.net.TrafficStatsCompat
android.support.v4.net.TrafficStatsCompat$TrafficStatsCompatApi24Impl
android.support.v4.net.TrafficStatsCompat$TrafficStatsCompatBaseImpl
android.support.v4.os.AsyncTaskCompat